<?xml version="1.0" encoding="UTF-8"?>
<!-- Generated by org.testng.reporters.JUnitReportReporter -->
<testsuite ignored="0" hostname="Jabeds-MacBook-Air.local" failures="0" tests="3" name="com.testrunner.testrunner" time="57.123" errors="0" timestamp="03 Apr 2022 20:32:36 GMT" skipped="0">
  <testcase classname="com.testrunner.testrunner" name="runScenario" time="17.611"/>
  <testcase classname="com.testrunner.testrunner" name="runScenario" time="20.548"/>
  <testcase classname="com.testrunner.testrunner" name="runScenario" time="18.964"/>
</testsuite> <!-- com.testrunner.testrunner -->
